<?xml version='1.0' encoding='UTF-8'?>
<testsuite hostname="DBS-1182" name="SentenceListSpec" tests="3" errors="0" failures="1" skipped="0" time="0.321" timestamp="2019-10-29T18:19:13">
                     <properties>
      <property name="jline.esc.timeout" value="0"/><property name="java.runtime.name" value="OpenJDK Runtime Environment"/><property name="sun.boot.library.path" value="C:\Program Files (x86)\Java\jdk-8.0.222.10\jre\bin"/><property name="java.vm.version" value="25.222-b10"/><property name="user.country.format" value="BR"/><property name="java.vm.vendor" value=""/><property name="java.vendor.url" value="http://java.oracle.com/"/><property name="path.separator" value=";"/><property name="jna.loaded" value="true"/><property name="java.vm.name" value="OpenJDK 64-Bit Server VM"/><property name="file.encoding.pkg" value="sun.io"/><property name="user.country" value="US"/><property name="user.script" value=""/><property name="sun.java.launcher" value="SUN_STANDARD"/><property name="sun.os.patch.level" value=""/><property name="jna.nosys" value="true"/><property name="java.vm.specification.name" value="Java Virtual Machine Specification"/><property name="user.dir" value="C:\Users\joice.cardoso\Desktop\Scala\scala-project"/><property name="java.runtime.version" value="1.8.0_222-b10"/><property name="java.awt.graphicsenv" value="sun.awt.Win32GraphicsEnvironment"/><property name="java.endorsed.dirs" value="C:\Program Files (x86)\Java\jdk-8.0.222.10\jre\lib\endorsed"/><property name="os.arch" value="amd64"/><property name="java.io.tmpdir" value="C:\Users\JOICE~1.CAR\AppData\Local\Temp\"/><property name="line.separator" value="
"/><property name="java.vm.specification.vendor" value="Oracle Corporation"/><property name="log4j.ignoreTCL" value="true"/><property name="user.variant" value=""/><property name="os.name" value="Windows 10"/><property name="sun.jnu.encoding" value="Cp1252"/><property name="jnidispatch.path" value="C:\Users\JOICE~1.CAR\AppData\Local\Temp\jna--319427789\jna3684894919519969028.dll"/><property name="java.library.path" value="C:\Program Files (x86)\Java\jdk-8.0.222.10\bin;C:\Windows\Sun\Java\bin;C:\Windows\system32;C:\Windows;C:\Program Files (x86)\Java\bin;C:\Program Files (x86)\Java\jdk-8.0.222.10\bin;C:\Program Files\ImageMagick-7.0.8-Q16;C:\Program Files (x86)\Common Files\Oracle\Java\javapath;C:\Windows\system32;C:\Windows;C:\Windows\System32\Wbem;C:\Windows\System32\WindowsPowerShell\v1.0\;C:\Windows\System32\OpenSSH\;C:\Program Files\Git\cmd;C:\swigwin-3.0.12;C:\Program Files\dotnet\;C:\Program Files\nodejs\;C:\Java\jre1.8.0_201\bin;C:\spark\bin;C:\Program Files (x86)\Graphviz2.38\bin;C:\Users\joice.cardoso\Documents\poppler-0.68.0\bin;C:\Program Files\Tesseract-OCR;C:\Program Files\Amazon\AWSCLI\;C:\Users\joice.cardoso\AppData\Local\Programs\Python\Python37\Scripts;C:\Users\joice.cardoso\AppData\Local\Programs\Python\Python37;C:\Program Files (x86)\sbt\bin;C:\Program Files\MySQL\MySQL Shell 8.0\bin\;C:\Users\joice.cardoso\AppData\Local\Programs\Microsoft VS Code\bin;."/><property name="java.specification.name" value="Java Platform API Specification"/><property name="java.class.version" value="52.0"/><property name="sun.management.compiler" value="HotSpot 64-Bit Tiered Compilers"/><property name="os.version" value="10.0"/><property name="swoval.tmpdir" value="C:\Users\joice.cardoso\.sbt\1.0"/><property name="user.home" value="C:\Users\joice.cardoso"/><property name="user.timezone" value="America/Sao_Paulo"/><property name="java.awt.printerjob" value="sun.awt.windows.WPrinterJob"/><property name="file.encoding" value="UTF-8"/><property name="java.specification.version" value="1.8"/><property name="java.class.path" value="C:\Program Files (x86)\sbt\\bin\sbt-launch.jar"/><property name="user.name" value="joice.cardoso"/><property name="jline.shutdownhook" value="false"/><property name="java.vm.specification.version" value="1.8"/><property name="sun.java.command" value="xsbt.boot.Boot"/><property name="java.home" value="C:\Program Files (x86)\Java\jdk-8.0.222.10\jre"/><property name="sun.arch.data.model" value="64"/><property name="user.language" value="en"/><property name="java.specification.vendor" value="Oracle Corporation"/><property name="user.language.format" value="pt"/><property name="awt.toolkit" value="sun.awt.windows.WToolkit"/><property name="java.vm.info" value="mixed mode"/><property name="java.version" value="1.8.0_222"/><property name="java.ext.dirs" value="C:\Program Files (x86)\Java\jdk-8.0.222.10\jre\lib\ext;C:\Windows\Sun\Java\lib\ext"/><property name="sun.boot.class.path" value="C:\Program Files (x86)\Java\jdk-8.0.222.10\jre\lib\resources.jar;C:\Program Files (x86)\Java\jdk-8.0.222.10\jre\lib\rt.jar;C:\Program Files (x86)\Java\jdk-8.0.222.10\jre\lib\sunrsasign.jar;C:\Program Files (x86)\Java\jdk-8.0.222.10\jre\lib\jsse.jar;C:\Program Files (x86)\Java\jdk-8.0.222.10\jre\lib\jce.jar;C:\Program Files (x86)\Java\jdk-8.0.222.10\jre\lib\charsets.jar;C:\Program Files (x86)\Java\jdk-8.0.222.10\jre\lib\jfr.jar;C:\Program Files (x86)\Java\jdk-8.0.222.10\jre\classes"/><property name="java.vendor" value="AdoptOpenJDK"/><property name="sun.stderr.encoding" value="cp437"/><property name="file.separator" value="\"/><property name="java.vendor.url.bug" value="http://bugreport.sun.com/bugreport/"/><property name="sun.io.unicode.encoding" value="UnicodeLittle"/><property name="sun.cpu.endian" value="little"/><property name="sun.stdout.encoding" value="cp437"/><property name="sun.desktop" value="windows"/><property name="sun.cpu.isalist" value="amd64"/>
    </properties>
                     <testcase classname="SentenceListSpec" name="Dado um inteiro Deve retornar uma sentença" time="0.223">
                                                 
                                               </testcase><testcase classname="SentenceListSpec" name="Dado um inteiro maior que 0 Deve retornar uma sentença" time="0.0">
                                                 
                                               </testcase><testcase classname="SentenceListSpec" name="Dado um dicionario Deve retornar a lista de palavras das sentenças" time="0.098">
                                                 <failure message="

assert(sentence.sentences() == List(List(&quot;O&quot;, &quot;dinheiro&quot;, &quot;faz&quot;, &quot;homens&quot;, &quot;ricos&quot;, &quot;o&quot;, &quot;conhecimento&quot;, &quot;faz&quot;, &quot;homens&quot;, &quot;s├íbios&quot;, &quot;e&quot;, &quot;a&quot;, &quot;humildade&quot;, &quot;faz&quot;, &quot;grandes&quot;, &quot;homens&quot;), List(&quot;Bons&quot;, &quot;amigos&quot;, &quot;s├úo&quot;, &quot;como&quot;, &quot;estrelas&quot;, &quot;nem&quot;, &quot;sempre&quot;, &quot;podemos&quot;, &quot;ver&quot;, &quot;mas&quot;, &quot;temos&quot;, &quot;certeza&quot;, &quot;que&quot;, &quot;est├úo&quot;, &quot;sempre&quot;, &quot;l├í&quot;), List(&quot;Viva&quot;, &quot;simples&quot;, &quot;sonhe&quot;, &quot;grande&quot;, &quot;seja&quot;, &quot;grato&quot;, &quot;d├¬&quot;, &quot;amor&quot;, &quot;ria&quot;, &quot;muito&quot;), List(&quot;Se&quot;, &quot;for&quot;, &quot;pra&quot;, &quot;desistir&quot;, &quot;desista&quot;, &quot;de&quot;, &quot;ser&quot;, &quot;fraco&quot;)))
       |        |           |  |    |    |    |           |      |         |        |    |               |      |         |          |    |    |            |      |          |          |    |       |         |       |       |           |      |         |          |      |      |        |          |      |         |         |       |    |       |          |        |         |       |        |      |       |      |         |    |     |      |      |           |          |     |      |
       |        |           |  |    |    &quot;O&quot;  &quot;dinheiro&quot;  &quot;faz&quot;  &quot;homens&quot;  &quot;ricos&quot;  &quot;o&quot;  &quot;conhecimento&quot;  &quot;faz&quot;  &quot;homens&quot;  &quot;s├íbios&quot;  &quot;e&quot;  &quot;a&quot;  &quot;humildade&quot;  &quot;faz&quot;  &quot;grandes&quot;  &quot;homens&quot;   |    &quot;Bons&quot;  &quot;amigos&quot;  &quot;s├úo&quot;  &quot;como&quot;  &quot;estrelas&quot;  &quot;nem&quot;  &quot;sempre&quot;  &quot;podemos&quot;  &quot;ver&quot;  &quot;mas&quot;  &quot;temos&quot;  &quot;certeza&quot;  &quot;que&quot;  &quot;est├úo&quot;  &quot;sempre&quot;  &quot;l├í&quot;   |    &quot;Viva&quot;  &quot;simples&quot;  &quot;sonhe&quot;  &quot;grande&quot;  &quot;seja&quot;  &quot;grato&quot;  &quot;d├¬&quot;  &quot;amor&quot;  &quot;ria&quot;  &quot;muito&quot;   |    &quot;Se&quot;  &quot;for&quot;  &quot;pra&quot;  &quot;desistir&quot;  &quot;desista&quot;  &quot;de&quot;  &quot;ser&quot;  &quot;fraco&quot;
       |        |           |  |    List(&quot;O&quot;, &quot;dinheiro&quot;, &quot;faz&quot;, &quot;homens&quot;, &quot;ricos&quot;, &quot;o&quot;, &quot;conhecimento&quot;, &quot;faz&quot;, &quot;homens&quot;, &quot;s├íbios&quot;, &quot;e&quot;, &quot;a&quot;, &quot;humildade&quot;, &quot;faz&quot;, &quot;grandes&quot;, &quot;homens&quot;)  List(&quot;Bons&quot;, &quot;amigos&quot;, &quot;s├úo&quot;, &quot;como&quot;, &quot;estrelas&quot;, &quot;nem&quot;, &quot;sempre&quot;, &quot;podemos&quot;, &quot;ver&quot;, &quot;mas&quot;, &quot;temos&quot;, &quot;certeza&quot;, &quot;que&quot;, &quot;est├úo&quot;, &quot;sempre&quot;, &quot;l├í&quot;)  List(&quot;Viva&quot;, &quot;simples&quot;, &quot;sonhe&quot;, &quot;grande&quot;, &quot;seja&quot;, &quot;grato&quot;, &quot;d├¬&quot;, &quot;amor&quot;, &quot;ria&quot;, &quot;muito&quot;)  List(&quot;Se&quot;, &quot;for&quot;, &quot;pra&quot;, &quot;desistir&quot;, &quot;desista&quot;, &quot;de&quot;, &quot;ser&quot;, &quot;fraco&quot;)
       |        |           |  List(List(&quot;O&quot;, &quot;dinheiro&quot;, &quot;faz&quot;, &quot;homens&quot;, &quot;ricos&quot;, &quot;o&quot;, &quot;conhecimento&quot;, &quot;faz&quot;, &quot;homens&quot;, &quot;s├íbios&quot;, &quot;e&quot;, &quot;a&quot;, &quot;humildade&quot;, &quot;faz&quot;, &quot;grandes&quot;, &quot;homens&quot;), List(&quot;Bons&quot;, &quot;amigos&quot;, &quot;s├úo&quot;, &quot;como&quot;, &quot;estrelas&quot;, &quot;nem&quot;, &quot;sempre&quot;, &quot;podemos&quot;, &quot;ver&quot;, &quot;mas&quot;, &quot;temos&quot;, &quot;certeza&quot;, &quot;que&quot;, &quot;est├úo&quot;, &quot;sempre&quot;, &quot;l├í&quot;), List(&quot;Viva&quot;, &quot;simples&quot;, &quot;sonhe&quot;, &quot;grande&quot;, &quot;seja&quot;, &quot;grato&quot;, &quot;d├¬&quot;, &quot;amor&quot;, &quot;ria&quot;, &quot;muito&quot;), List(&quot;Se&quot;, &quot;for&quot;, &quot;pra&quot;, &quot;desistir&quot;, &quot;desista&quot;, &quot;de&quot;, &quot;ser&quot;, &quot;fraco&quot;))
       |        |           false
       |        &lt;(), the Unit value&gt;
       wordCount.SentenceList@5a43cbd9
" type="org.scalatest.exceptions.TestFailedException">org.scalatest.exceptions.TestFailedException: 

assert(sentence.sentences() == List(List(&quot;O&quot;, &quot;dinheiro&quot;, &quot;faz&quot;, &quot;homens&quot;, &quot;ricos&quot;, &quot;o&quot;, &quot;conhecimento&quot;, &quot;faz&quot;, &quot;homens&quot;, &quot;s├íbios&quot;, &quot;e&quot;, &quot;a&quot;, &quot;humildade&quot;, &quot;faz&quot;, &quot;grandes&quot;, &quot;homens&quot;), List(&quot;Bons&quot;, &quot;amigos&quot;, &quot;s├úo&quot;, &quot;como&quot;, &quot;estrelas&quot;, &quot;nem&quot;, &quot;sempre&quot;, &quot;podemos&quot;, &quot;ver&quot;, &quot;mas&quot;, &quot;temos&quot;, &quot;certeza&quot;, &quot;que&quot;, &quot;est├úo&quot;, &quot;sempre&quot;, &quot;l├í&quot;), List(&quot;Viva&quot;, &quot;simples&quot;, &quot;sonhe&quot;, &quot;grande&quot;, &quot;seja&quot;, &quot;grato&quot;, &quot;d├¬&quot;, &quot;amor&quot;, &quot;ria&quot;, &quot;muito&quot;), List(&quot;Se&quot;, &quot;for&quot;, &quot;pra&quot;, &quot;desistir&quot;, &quot;desista&quot;, &quot;de&quot;, &quot;ser&quot;, &quot;fraco&quot;)))
       |        |           |  |    |    |    |           |      |         |        |    |               |      |         |          |    |    |            |      |          |          |    |       |         |       |       |           |      |         |          |      |      |        |          |      |         |         |       |    |       |          |        |         |       |        |      |       |      |         |    |     |      |      |           |          |     |      |
       |        |           |  |    |    &quot;O&quot;  &quot;dinheiro&quot;  &quot;faz&quot;  &quot;homens&quot;  &quot;ricos&quot;  &quot;o&quot;  &quot;conhecimento&quot;  &quot;faz&quot;  &quot;homens&quot;  &quot;s├íbios&quot;  &quot;e&quot;  &quot;a&quot;  &quot;humildade&quot;  &quot;faz&quot;  &quot;grandes&quot;  &quot;homens&quot;   |    &quot;Bons&quot;  &quot;amigos&quot;  &quot;s├úo&quot;  &quot;como&quot;  &quot;estrelas&quot;  &quot;nem&quot;  &quot;sempre&quot;  &quot;podemos&quot;  &quot;ver&quot;  &quot;mas&quot;  &quot;temos&quot;  &quot;certeza&quot;  &quot;que&quot;  &quot;est├úo&quot;  &quot;sempre&quot;  &quot;l├í&quot;   |    &quot;Viva&quot;  &quot;simples&quot;  &quot;sonhe&quot;  &quot;grande&quot;  &quot;seja&quot;  &quot;grato&quot;  &quot;d├¬&quot;  &quot;amor&quot;  &quot;ria&quot;  &quot;muito&quot;   |    &quot;Se&quot;  &quot;for&quot;  &quot;pra&quot;  &quot;desistir&quot;  &quot;desista&quot;  &quot;de&quot;  &quot;ser&quot;  &quot;fraco&quot;
       |        |           |  |    List(&quot;O&quot;, &quot;dinheiro&quot;, &quot;faz&quot;, &quot;homens&quot;, &quot;ricos&quot;, &quot;o&quot;, &quot;conhecimento&quot;, &quot;faz&quot;, &quot;homens&quot;, &quot;s├íbios&quot;, &quot;e&quot;, &quot;a&quot;, &quot;humildade&quot;, &quot;faz&quot;, &quot;grandes&quot;, &quot;homens&quot;)  List(&quot;Bons&quot;, &quot;amigos&quot;, &quot;s├úo&quot;, &quot;como&quot;, &quot;estrelas&quot;, &quot;nem&quot;, &quot;sempre&quot;, &quot;podemos&quot;, &quot;ver&quot;, &quot;mas&quot;, &quot;temos&quot;, &quot;certeza&quot;, &quot;que&quot;, &quot;est├úo&quot;, &quot;sempre&quot;, &quot;l├í&quot;)  List(&quot;Viva&quot;, &quot;simples&quot;, &quot;sonhe&quot;, &quot;grande&quot;, &quot;seja&quot;, &quot;grato&quot;, &quot;d├¬&quot;, &quot;amor&quot;, &quot;ria&quot;, &quot;muito&quot;)  List(&quot;Se&quot;, &quot;for&quot;, &quot;pra&quot;, &quot;desistir&quot;, &quot;desista&quot;, &quot;de&quot;, &quot;ser&quot;, &quot;fraco&quot;)
       |        |           |  List(List(&quot;O&quot;, &quot;dinheiro&quot;, &quot;faz&quot;, &quot;homens&quot;, &quot;ricos&quot;, &quot;o&quot;, &quot;conhecimento&quot;, &quot;faz&quot;, &quot;homens&quot;, &quot;s├íbios&quot;, &quot;e&quot;, &quot;a&quot;, &quot;humildade&quot;, &quot;faz&quot;, &quot;grandes&quot;, &quot;homens&quot;), List(&quot;Bons&quot;, &quot;amigos&quot;, &quot;s├úo&quot;, &quot;como&quot;, &quot;estrelas&quot;, &quot;nem&quot;, &quot;sempre&quot;, &quot;podemos&quot;, &quot;ver&quot;, &quot;mas&quot;, &quot;temos&quot;, &quot;certeza&quot;, &quot;que&quot;, &quot;est├úo&quot;, &quot;sempre&quot;, &quot;l├í&quot;), List(&quot;Viva&quot;, &quot;simples&quot;, &quot;sonhe&quot;, &quot;grande&quot;, &quot;seja&quot;, &quot;grato&quot;, &quot;d├¬&quot;, &quot;amor&quot;, &quot;ria&quot;, &quot;muito&quot;), List(&quot;Se&quot;, &quot;for&quot;, &quot;pra&quot;, &quot;desistir&quot;, &quot;desista&quot;, &quot;de&quot;, &quot;ser&quot;, &quot;fraco&quot;))
       |        |           false
       |        &lt;(), the Unit value&gt;
       wordCount.SentenceList@5a43cbd9

	at org.scalatest.Assertions.newAssertionFailedException(Assertions.scala:528)
	at org.scalatest.Assertions.newAssertionFailedException$(Assertions.scala:527)
	at org.scalatest.FunSuite.newAssertionFailedException(FunSuite.scala:1560)
	at org.scalatest.DiagrammedAssertions$DiagrammedAssertionsHelper.macroAssert(DiagrammedAssertions.scala:241)
	at SentenceListSpec.$anonfun$new$3(SentenceListSpec.scala:25)
	at org.scalatest.OutcomeOf.outcomeOf(OutcomeOf.scala:85)
	at org.scalatest.OutcomeOf.outcomeOf$(OutcomeOf.scala:83)
	at org.scalatest.OutcomeOf$.outcomeOf(OutcomeOf.scala:104)
	at org.scalatest.Transformer.apply(Transformer.scala:22)
	at org.scalatest.Transformer.apply(Transformer.scala:20)
	at org.scalatest.FunSuiteLike$$anon$1.apply(FunSuiteLike.scala:186)
	at org.scalatest.TestSuite.withFixture(TestSuite.scala:196)
	at org.scalatest.TestSuite.withFixture$(TestSuite.scala:195)
	at org.scalatest.FunSuite.withFixture(FunSuite.scala:1560)
	at org.scalatest.FunSuiteLike.invokeWithFixture$1(FunSuiteLike.scala:184)
	at org.scalatest.FunSuiteLike.$anonfun$runTest$1(FunSuiteLike.scala:196)
	at org.scalatest.SuperEngine.runTestImpl(Engine.scala:289)
	at org.scalatest.FunSuiteLike.runTest(FunSuiteLike.scala:196)
	at org.scalatest.FunSuiteLike.runTest$(FunSuiteLike.scala:178)
	at org.scalatest.FunSuite.runTest(FunSuite.scala:1560)
	at org.scalatest.FunSuiteLike.$anonfun$runTests$1(FunSuiteLike.scala:229)
	at org.scalatest.SuperEngine.$anonfun$runTestsInBranch$1(Engine.scala:396)
	at scala.collection.immutable.List.foreach(List.scala:392)
	at org.scalatest.SuperEngine.traverseSubNodes$1(Engine.scala:384)
	at org.scalatest.SuperEngine.runTestsInBranch(Engine.scala:379)
	at org.scalatest.SuperEngine.runTestsImpl(Engine.scala:461)
	at org.scalatest.FunSuiteLike.runTests(FunSuiteLike.scala:229)
	at org.scalatest.FunSuiteLike.runTests$(FunSuiteLike.scala:228)
	at org.scalatest.FunSuite.runTests(FunSuite.scala:1560)
	at org.scalatest.Suite.run(Suite.scala:1147)
	at org.scalatest.Suite.run$(Suite.scala:1129)
	at org.scalatest.FunSuite.org$scalatest$FunSuiteLike$$super$run(FunSuite.scala:1560)
	at org.scalatest.FunSuiteLike.$anonfun$run$1(FunSuiteLike.scala:233)
	at org.scalatest.SuperEngine.runImpl(Engine.scala:521)
	at org.scalatest.FunSuiteLike.run(FunSuiteLike.scala:233)
	at org.scalatest.FunSuiteLike.run$(FunSuiteLike.scala:232)
	at org.scalatest.FunSuite.run(FunSuite.scala:1560)
	at org.scalatest.tools.Framework.org$scalatest$tools$Framework$$runSuite(Framework.scala:314)
	at org.scalatest.tools.Framework$ScalaTestTask.execute(Framework.scala:507)
	at sbt.TestRunner.runTest$1(TestFramework.scala:139)
	at sbt.TestRunner.run(TestFramework.scala:154)
	at sbt.TestFramework$$anon$3$$anonfun$$lessinit$greater$1.$anonfun$apply$1(TestFramework.scala:317)
	at sbt.TestFramework$.sbt$TestFramework$$withContextLoader(TestFramework.scala:277)
	at sbt.TestFramework$$anon$3$$anonfun$$lessinit$greater$1.apply(TestFramework.scala:317)
	at sbt.TestFramework$$anon$3$$anonfun$$lessinit$greater$1.apply(TestFramework.scala:317)
	at sbt.TestFunction.apply(TestFramework.scala:329)
	at sbt.Tests$.$anonfun$toTask$1(Tests.scala:311)
	at sbt.std.Transform$$anon$3.$anonfun$apply$2(Transform.scala:46)
	at sbt.std.Transform$$anon$4.work(Transform.scala:67)
	at sbt.Execute.$anonfun$submit$2(Execute.scala:281)
	at sbt.internal.util.ErrorHandling$.wideConvert(ErrorHandling.scala:19)
	at sbt.Execute.work(Execute.scala:290)
	at sbt.Execute.$anonfun$submit$1(Execute.scala:281)
	at sbt.ConcurrentRestrictions$$anon$4.$anonfun$submitValid$1(ConcurrentRestrictions.scala:178)
	at sbt.CompletionService$$anon$2.call(CompletionService.scala:37)
	at java.util.concurrent.FutureTask.run(FutureTask.java:266)
	at java.util.concurrent.Executors$RunnableAdapter.call(Executors.java:511)
	at java.util.concurrent.FutureTask.run(FutureTask.java:266)
	at java.util.concurrent.ThreadPoolExecutor.runWorker(ThreadPoolExecutor.java:1149)
	at java.util.concurrent.ThreadPoolExecutor$Worker.run(ThreadPoolExecutor.java:624)
	at java.lang.Thread.run(Thread.java:748)
</failure>
                                               </testcase>
                     <system-out><![CDATA[]]></system-out>
                     <system-err><![CDATA[]]></system-err>
                   </testsuite>